<?xml version="1.0" encoding="UTF-8"?>
<!-- Generated by org.testng.reporters.JUnitReportReporter -->
<testsuite skipped="0" hostname="DESKTOP-6KC2DDV" name="com.inetbanking.testcases.TC_LoginTest_001" tests="1" failures="0" timestamp="2022-03-01T00:56:13 IST" time="4.353" errors="0">
  <testcase name="LoginTest" time="4.353" classname="com.inetbanking.testcases.TC_LoginTest_001"/>
  <system-out/>
</testsuite> <!-- com.inetbanking.testcases.TC_LoginTest_001 -->
