<?xml version="1.0" encoding="UTF-8"?>
<!-- Generated by org.testng.reporters.JUnitReportReporter -->
<testsuite skipped="0" hostname="DESKTOP-6KC2DDV" name="com.inetbanking.testcases.TC_LoginDDT_002" tests="5" failures="0" timestamp="2022-03-01T00:56:13 IST" time="29.080" errors="0">
  <testcase name="loginDDT" time="7.923" classname="com.inetbanking.testcases.TC_LoginDDT_002"/>
  <system-out/>
  <testcase name="loginDDT" time="5.154" classname="com.inetbanking.testcases.TC_LoginDDT_002"/>
  <system-out/>
  <testcase name="loginDDT" time="6.646" classname="com.inetbanking.testcases.TC_LoginDDT_002"/>
  <system-out/>
  <testcase name="loginDDT" time="5.025" classname="com.inetbanking.testcases.TC_LoginDDT_002"/>
  <system-out/>
  <testcase name="loginDDT" time="4.332" classname="com.inetbanking.testcases.TC_LoginDDT_002"/>
  <system-out/>
</testsuite> <!-- com.inetbanking.testcases.TC_LoginDDT_002 -->
