<?xml version="1.0" encoding="UTF-8"?>
<!-- Generated by org.testng.reporters.JUnitReportReporter -->
<testsuite skipped="0" hostname="DESKTOP-6KC2DDV" name="com.inetbanking.testcases.TC_AddCustomerTest_003" tests="1" failures="0" timestamp="2022-03-01T01:00:34 IST" time="16.467" errors="0">
  <testcase name="addNewCustomer" time="16.467" classname="com.inetbanking.testcases.TC_AddCustomerTest_003"/>
  <system-out/>
</testsuite> <!-- com.inetbanking.testcases.TC_AddCustomerTest_003 -->
