<?xml version="1.0" encoding="UTF-8"?>
<!-- Generated by org.testng.reporters.JUnitReportReporter -->
<testsuite skipped="0" hostname="DESKTOP-6KC2DDV" name="com.inetbanking.testcases.TC_LoginDDT_002" tests="5" failures="0" timestamp="2022-03-01T14:41:56 IST" time="24.200" errors="0">
  <testcase name="loginDDT" time="5.432" classname="com.inetbanking.testcases.TC_LoginDDT_002"/>
  <system-out/>
  <testcase name="loginDDT" time="5.025" classname="com.inetbanking.testcases.TC_LoginDDT_002"/>
  <system-out/>
  <testcase name="loginDDT" time="4.785" classname="com.inetbanking.testcases.TC_LoginDDT_002"/>
  <system-out/>
  <testcase name="loginDDT" time="4.676" classname="com.inetbanking.testcases.TC_LoginDDT_002"/>
  <system-out/>
  <testcase name="loginDDT" time="4.282" classname="com.inetbanking.testcases.TC_LoginDDT_002"/>
  <system-out/>
</testsuite> <!-- com.inetbanking.testcases.TC_LoginDDT_002 -->
